<ERROR 17:08:48,045 PropertiesConfigurationManager::init> tg=<main> Could not read configuration file [/home/besson/OpenKnowledge/config/ok.user.properties].>
<WARN  17:08:48,070 PropertiesConfigurationManager::getModule> tg=<main> Getting module 'user-interface': class 'true' not found>
<ERROR 17:08:48,080 PropertiesConfigurationManager::init> tg=<main> Could not read configuration file [/home/besson/OpenKnowledge/config/ok.user.properties].>
Using SPSMather
<DEBUG 17:08:48,188 MatchManager::getInputStream> tg=<main> Trying to load config/SMatch.properties from [file]>
<DEBUG 17:08:48,206 MatchManager::getInputStream> tg=<main> Trying to load /WordNet/adj_syn.arr from [jar]>
<DEBUG 17:08:48,212 MatchManager::getInputStream> tg=<main> Trying to load /WordNet/adj_opp.arr from [jar]>
<DEBUG 17:08:48,214 MatchManager::getInputStream> tg=<main> Trying to load /WordNet/noun3_mg.arr from [jar]>
<DEBUG 17:08:48,262 MatchManager::getInputStream> tg=<main> Trying to load /WordNet/noun_opp_new.arr from [jar]>
<DEBUG 17:08:48,270 MatchManager::getInputStream> tg=<main> Trying to load /WordNet/adv_opp.arr from [jar]>
<DEBUG 17:08:48,280 MatchManager::getInputStream> tg=<main> Trying to load /WordNet/verb_mg.arr from [jar]>
<DEBUG 17:08:48,285 MatchManager::getInputStream> tg=<main> Trying to load /WordNet/nominalizations.arr from [jar]>
<DEBUG 17:08:48,288 MatchManager::createComponents> tg=<main> USING WNMatcher edu.unitn.dit.smatch.oracles.wordnet.InMemoryWordNetBinaryArray>
<DEBUG 17:08:48,291 MatchManager::getInputStream> tg=<main> Trying to load /WordNet/lemmas.arr from [jar]>
<DEBUG 17:08:48,508 MatchManager::getInputStream> tg=<main> Trying to load /WordNet/lemma_synsets.arr from [jar]>
<DEBUG 17:08:48,699 MatchManager::getInputStream> tg=<main> Trying to load /WordNet/synset_lemmas.arr from [jar]>
<DEBUG 17:08:48,766 MatchManager::getInputStream> tg=<main> Trying to load /WordNet/synset_pos.arr from [jar]>
<DEBUG 17:08:48,880 MatchManager::getInputStream> tg=<main> Trying to load /WordNet/noun_exc.hash from [jar]>
<DEBUG 17:08:48,886 MatchManager::getInputStream> tg=<main> Trying to load /WordNet/verb_exc.hash from [jar]>
<DEBUG 17:08:48,892 MatchManager::getInputStream> tg=<main> Trying to load /WordNet/adj_exc.hash from [jar]>
<DEBUG 17:08:48,896 MatchManager::getInputStream> tg=<main> Trying to load /WordNet/adv_exc.hash from [jar]>
<INFO  17:08:48,993 IMQueryCallBack::handleNewIms> tg=<pool-3-thread-3> handleNewIms called 1>
<INFO  17:08:48,994 InteractionTask::processReceivedInteraction> tg=<pool-3-thread-3> Will process IM 528f5c7c7185c98b9a6ec5c3d6f58de8>
<INFO  17:08:49,055 SimpleNode::dump> tg=<pool-3-thread-3> parse>
<INFO  17:08:49,056 SimpleNode::dump> tg=<pool-3-thread-3>  roleDefinition>
<INFO  17:08:49,056 SimpleNode::dump> tg=<pool-3-thread-3>  roleDefinition>
<INFO  17:08:49,056 SimpleNode::dump> tg=<pool-3-thread-3>  roleDefinition>
<INFO  17:08:49,056 SimpleNode::dump> tg=<pool-3-thread-3>  roleDefinition>
<INFO  17:08:49,057 SimpleNode::dump> tg=<pool-3-thread-3>  clause a(traveler[],unset)>
<INFO  17:08:49,057 SimpleNode::dump> tg=<pool-3-thread-3>   OR>
<INFO  17:08:49,057 SimpleNode::dump> tg=<pool-3-thread-3>    OR>
<INFO  17:08:49,057 SimpleNode::dump> tg=<pool-3-thread-3>     OR>
<INFO  17:08:49,058 SimpleNode::dump> tg=<pool-3-thread-3>      OR>
<INFO  17:08:49,058 SimpleNode::dump> tg=<pool-3-thread-3>       THEN>
<INFO  17:08:49,058 SimpleNode::dump> tg=<pool-3-thread-3>        messageOut orderTrip[Destination=unset, Date=unset, Name=unset, CcNumber=unset] => a(travelAgency[],unset)>
<INFO  17:08:49,059 SimpleNode::dump> tg=<pool-3-thread-3>         constraint userInitiatesOrderTrip[Destination=unset, Date=unset, Name=unset, CcNumber=unset]>
<INFO  17:08:49,059 SimpleNode::dump> tg=<pool-3-thread-3>        newRole a(traveler[],unset)>
<INFO  17:08:49,059 SimpleNode::dump> tg=<pool-3-thread-3>       THEN>
<INFO  17:08:49,059 SimpleNode::dump> tg=<pool-3-thread-3>        messageIn flights[FlightStatus=unset, FlightID=unset, FlightPrice=unset, AirlineName=unset] => a(travelAgency[],unset)>
<INFO  17:08:49,060 SimpleNode::dump> tg=<pool-3-thread-3>         constraint flights[FlightStatus=unset, FlightID=unset, FlightPrice=unset, AirlineName=unset]>
<INFO  17:08:49,060 SimpleNode::dump> tg=<pool-3-thread-3>        newRole a(traveler[],unset)>
<INFO  17:08:49,060 SimpleNode::dump> tg=<pool-3-thread-3>      THEN>
<INFO  17:08:49,060 SimpleNode::dump> tg=<pool-3-thread-3>       messageOut reserveTicket[FlightID=unset] => a(travelAgency[],unset)>
<INFO  17:08:49,061 SimpleNode::dump> tg=<pool-3-thread-3>        constraint userMakesAReservation[FlightID=unset]>
<INFO  17:08:49,061 SimpleNode::dump> tg=<pool-3-thread-3>       THEN>
<INFO  17:08:49,061 SimpleNode::dump> tg=<pool-3-thread-3>        messageIn response[Reserve=unset] => a(travelAgency[],unset)>
<INFO  17:08:49,061 SimpleNode::dump> tg=<pool-3-thread-3>         constraint reserve[Reserve=unset]>
<INFO  17:08:49,062 SimpleNode::dump> tg=<pool-3-thread-3>        newRole a(traveler[],unset)>
<INFO  17:08:49,062 SimpleNode::dump> tg=<pool-3-thread-3>     THEN>
<INFO  17:08:49,062 SimpleNode::dump> tg=<pool-3-thread-3>      messageOut bookTicket[Reserve=unset] => a(travelAgency[],unset)>
<INFO  17:08:49,063 SimpleNode::dump> tg=<pool-3-thread-3>       constraint userMakesABook[Reserve=unset]>
<INFO  17:08:49,063 SimpleNode::dump> tg=<pool-3-thread-3>      THEN>
<INFO  17:08:49,063 SimpleNode::dump> tg=<pool-3-thread-3>       messageIn responseTA[Statement=unset] => a(travelAgency[],unset)>
<INFO  17:08:49,063 SimpleNode::dump> tg=<pool-3-thread-3>        constraint statement[Statement=unset]>
<INFO  17:08:49,064 SimpleNode::dump> tg=<pool-3-thread-3>       THEN>
<INFO  17:08:49,064 SimpleNode::dump> tg=<pool-3-thread-3>        messageIn responseAL[Eticket=unset] => a(airline[],unset)>
<INFO  17:08:49,064 SimpleNode::dump> tg=<pool-3-thread-3>         constraint eTicket[Eticket=unset]>
<INFO  17:08:49,064 SimpleNode::dump> tg=<pool-3-thread-3>        newRole a(traveler[],unset)>
<INFO  17:08:49,065 SimpleNode::dump> tg=<pool-3-thread-3>    THEN>
<INFO  17:08:49,065 SimpleNode::dump> tg=<pool-3-thread-3>     messageOut cancelReserve[Reserve=unset] => a(travelAgency[],unset)>
<INFO  17:08:49,065 SimpleNode::dump> tg=<pool-3-thread-3>      constraint userMakesACancellation[Reserve=unset]>
<INFO  17:08:49,065 SimpleNode::dump> tg=<pool-3-thread-3>     THEN>
<INFO  17:08:49,066 SimpleNode::dump> tg=<pool-3-thread-3>      messageIn response[Confirmation=unset] => a(travelAgency[],unset)>
<INFO  17:08:49,066 SimpleNode::dump> tg=<pool-3-thread-3>       constraint cancellation[Confirmation=unset]>
<INFO  17:08:49,066 SimpleNode::dump> tg=<pool-3-thread-3>      newRole a(traveler[],unset)>
<INFO  17:08:49,066 SimpleNode::dump> tg=<pool-3-thread-3>  clause a(travelAgency[],unset)>
<INFO  17:08:49,067 SimpleNode::dump> tg=<pool-3-thread-3>   OR>
<INFO  17:08:49,067 SimpleNode::dump> tg=<pool-3-thread-3>    OR>
<INFO  17:08:49,067 SimpleNode::dump> tg=<pool-3-thread-3>     OR>
<INFO  17:08:49,067 SimpleNode::dump> tg=<pool-3-thread-3>      OR>
<INFO  17:08:49,068 SimpleNode::dump> tg=<pool-3-thread-3>       OR>
<INFO  17:08:49,068 SimpleNode::dump> tg=<pool-3-thread-3>        OR>
<INFO  17:08:49,068 SimpleNode::dump> tg=<pool-3-thread-3>         THEN>
<INFO  17:08:49,068 SimpleNode::dump> tg=<pool-3-thread-3>          messageIn orderTrip[Destination=unset, Date=unset, Name=unset, CcNumber=unset] => a(traveler[],unset)>
<INFO  17:08:49,069 SimpleNode::dump> tg=<pool-3-thread-3>           constraint registerUser[Name=unset, CcNumber=unset]>
<INFO  17:08:49,069 SimpleNode::dump> tg=<pool-3-thread-3>          THEN>
<INFO  17:08:49,069 SimpleNode::dump> tg=<pool-3-thread-3>           messageOut search[Destination=unset, Date=unset] => a(airline[],unset)>
<INFO  17:08:49,069 SimpleNode::dump> tg=<pool-3-thread-3>           newRole a(travelAgency[],unset)>
<INFO  17:08:49,070 SimpleNode::dump> tg=<pool-3-thread-3>         THEN>
<INFO  17:08:49,070 SimpleNode::dump> tg=<pool-3-thread-3>          messageIn response[FlightStatus=unset, FlightID=unset, FlightPrice=unset, AirlineName=unset] => a(airline[],unset)>
<INFO  17:08:49,070 SimpleNode::dump> tg=<pool-3-thread-3>           constraint searchResult[FlightStatus=unset, FlightID=unset, FlightPrice=unset, AirlineName=unset]>
<INFO  17:08:49,071 SimpleNode::dump> tg=<pool-3-thread-3>          THEN>
<INFO  17:08:49,071 SimpleNode::dump> tg=<pool-3-thread-3>           messageOut flights[FlightStatus=unset, FlightID=unset, FlightPrice=unset, AirlineName=unset] => a(traveler[],unset)>
<INFO  17:08:49,071 SimpleNode::dump> tg=<pool-3-thread-3>            constraint buildResponse[FlightStatus=unset, FlightID=unset, FlightPrice=unset, AirlineName=unset]>
<INFO  17:08:49,071 SimpleNode::dump> tg=<pool-3-thread-3>           newRole a(travelAgency[],unset)>
<INFO  17:08:49,072 SimpleNode::dump> tg=<pool-3-thread-3>        THEN>
<INFO  17:08:49,072 SimpleNode::dump> tg=<pool-3-thread-3>         messageIn reserveTicket[FlightID=unset] => a(traveler[],unset)>
<INFO  17:08:49,072 SimpleNode::dump> tg=<pool-3-thread-3>          constraint travelAgencyMakesAReservation[FlightID=unset, TravelAgencyID=unset]>
<INFO  17:08:49,072 SimpleNode::dump> tg=<pool-3-thread-3>         THEN>
<INFO  17:08:49,073 SimpleNode::dump> tg=<pool-3-thread-3>          messageOut reserve[FlightID=unset, TravelAgencyID=unset] => a(airline[],unset)>
<INFO  17:08:49,073 SimpleNode::dump> tg=<pool-3-thread-3>          THEN>
<INFO  17:08:49,073 SimpleNode::dump> tg=<pool-3-thread-3>           messageIn response[ReserveCost=unset] => a(airline[],unset)>
<INFO  17:08:49,073 SimpleNode::dump> tg=<pool-3-thread-3>            constraint travelAgencyRegisterReservation[ReserveCost=unset, Reserve=unset]>
<INFO  17:08:49,074 SimpleNode::dump> tg=<pool-3-thread-3>           THEN>
<INFO  17:08:49,074 SimpleNode::dump> tg=<pool-3-thread-3>            messageOut response[Reserve=unset] => a(traveler[],unset)>
<INFO  17:08:49,074 SimpleNode::dump> tg=<pool-3-thread-3>            newRole a(travelAgency[],unset)>
<INFO  17:08:49,074 SimpleNode::dump> tg=<pool-3-thread-3>       THEN>
<INFO  17:08:49,075 SimpleNode::dump> tg=<pool-3-thread-3>        messageIn cancelReserve[Reserve=unset] => a(traveler[],unset)>
<INFO  17:08:49,075 SimpleNode::dump> tg=<pool-3-thread-3>         constraint confirmCancellation[Reserve=unset]>
<INFO  17:08:49,075 SimpleNode::dump> tg=<pool-3-thread-3>        THEN>
<INFO  17:08:49,076 SimpleNode::dump> tg=<pool-3-thread-3>         messageOut cancel[Reserve=unset] => a(airline[],unset)>
<INFO  17:08:49,076 SimpleNode::dump> tg=<pool-3-thread-3>         THEN>
<INFO  17:08:49,076 SimpleNode::dump> tg=<pool-3-thread-3>          messageIn response[Confirmation=unset] => a(airline[],unset)>
<INFO  17:08:49,076 SimpleNode::dump> tg=<pool-3-thread-3>          THEN>
<INFO  17:08:49,077 SimpleNode::dump> tg=<pool-3-thread-3>           messageOut response[Confirmation=unset] => a(traveler[],unset)>
<INFO  17:08:49,082 SimpleNode::dump> tg=<pool-3-thread-3>           newRole a(travelAgency[],unset)>
<INFO  17:08:49,082 SimpleNode::dump> tg=<pool-3-thread-3>      THEN>
<INFO  17:08:49,083 SimpleNode::dump> tg=<pool-3-thread-3>       messageIn bookTicket[Reserve=unset] => a(traveler[],unset)>
<INFO  17:08:49,083 SimpleNode::dump> tg=<pool-3-thread-3>        constraint catchUserData[Reserve=unset, Name=unset, CcNumber=unset, TotalPrice=unset]>
<INFO  17:08:49,083 SimpleNode::dump> tg=<pool-3-thread-3>       THEN>
<INFO  17:08:49,083 SimpleNode::dump> tg=<pool-3-thread-3>        messageOut check[Reserve=unset, Name=unset, CcNumber=unset, TotalPrice=unset] => a(acquirer[],unset)>
<INFO  17:08:49,084 SimpleNode::dump> tg=<pool-3-thread-3>        newRole a(travelAgency[],unset)>
<INFO  17:08:49,084 SimpleNode::dump> tg=<pool-3-thread-3>     THEN>
<INFO  17:08:49,084 SimpleNode::dump> tg=<pool-3-thread-3>      messageIn approval[Status=unset, TravelAgencyPayment=unset] => a(acquirer[],unset)>
<INFO  17:08:49,084 SimpleNode::dump> tg=<pool-3-thread-3>       constraint registerPayment[Status=unset, TravelAgencyPayment=unset]>
<INFO  17:08:49,084 SimpleNode::dump> tg=<pool-3-thread-3>      THEN>
<INFO  17:08:49,085 SimpleNode::dump> tg=<pool-3-thread-3>       messageIn confirmation[Reserve=unset, Name=unset, AirlinePayment=unset] => a(airline[],unset)>
<INFO  17:08:49,085 SimpleNode::dump> tg=<pool-3-thread-3>        constraint emitStatement[Reserve=unset, Name=unset, AirlinePayment=unset, Statement=unset]>
<INFO  17:08:49,085 SimpleNode::dump> tg=<pool-3-thread-3>       THEN>
<INFO  17:08:49,085 SimpleNode::dump> tg=<pool-3-thread-3>        messageOut responseTA[Statement=unset] => a(traveler[],unset)>
<INFO  17:08:49,086 SimpleNode::dump> tg=<pool-3-thread-3>        newRole a(travelAgency[],unset)>
<INFO  17:08:49,086 SimpleNode::dump> tg=<pool-3-thread-3>    THEN>
<INFO  17:08:49,086 SimpleNode::dump> tg=<pool-3-thread-3>     messageIn notificationTA[Status=unset] => a(acquirer[],unset)>
<INFO  17:08:49,086 SimpleNode::dump> tg=<pool-3-thread-3>      constraint emitNotificationTA[Status=unset, Statement=unset]>
<INFO  17:08:49,087 SimpleNode::dump> tg=<pool-3-thread-3>     THEN>
<INFO  17:08:49,087 SimpleNode::dump> tg=<pool-3-thread-3>      messageOut responseTA[Statement=unset] => a(traveler[],unset)>
<INFO  17:08:49,087 SimpleNode::dump> tg=<pool-3-thread-3>      newRole a(travelAgency[],unset)>
<INFO  17:08:49,087 SimpleNode::dump> tg=<pool-3-thread-3>  clause a(airline[],unset)>
<INFO  17:08:49,087 SimpleNode::dump> tg=<pool-3-thread-3>   OR>
<INFO  17:08:49,088 SimpleNode::dump> tg=<pool-3-thread-3>    OR>
<INFO  17:08:49,088 SimpleNode::dump> tg=<pool-3-thread-3>     OR>
<INFO  17:08:49,088 SimpleNode::dump> tg=<pool-3-thread-3>      OR>
<INFO  17:08:49,088 SimpleNode::dump> tg=<pool-3-thread-3>       THEN>
<INFO  17:08:49,089 SimpleNode::dump> tg=<pool-3-thread-3>        messageIn search[Destination=unset, Date=unset] => a(travelAgency[],unset)>
<INFO  17:08:49,089 SimpleNode::dump> tg=<pool-3-thread-3>         constraint createResponse[Destination=unset, Date=unset, FlightStatus=unset, FlightID=unset, FlightPrice=unset, AirlineName=unset]>
<INFO  17:08:49,089 SimpleNode::dump> tg=<pool-3-thread-3>        THEN>
<INFO  17:08:49,089 SimpleNode::dump> tg=<pool-3-thread-3>         messageOut response[FlightStatus=unset, FlightID=unset, FlightPrice=unset, AirlineName=unset] => a(travelAgency[],unset)>
<INFO  17:08:49,090 SimpleNode::dump> tg=<pool-3-thread-3>         newRole a(airline[],unset)>
<INFO  17:08:49,090 SimpleNode::dump> tg=<pool-3-thread-3>       THEN>
<INFO  17:08:49,090 SimpleNode::dump> tg=<pool-3-thread-3>        messageIn reserve[FlightID=unset, TravelAgencyID=unset] => a(travelAgency[],unset)>
<INFO  17:08:49,090 SimpleNode::dump> tg=<pool-3-thread-3>         constraint createReserve[FlightID=unset, TravelAgencyID=unset, ReserveCost=unset]>
<INFO  17:08:49,090 SimpleNode::dump> tg=<pool-3-thread-3>        THEN>
<INFO  17:08:49,091 SimpleNode::dump> tg=<pool-3-thread-3>         messageOut response[ReserveCost=unset] => a(travelAgency[],unset)>
<INFO  17:08:49,091 SimpleNode::dump> tg=<pool-3-thread-3>         newRole a(airline[],unset)>
<INFO  17:08:49,091 SimpleNode::dump> tg=<pool-3-thread-3>      THEN>
<INFO  17:08:49,091 SimpleNode::dump> tg=<pool-3-thread-3>       messageIn payment[AirlinePayment=unset, Reserve=unset, Name=unset, CcNumber=unset] => a(acquirer[],unset)>
<INFO  17:08:49,092 SimpleNode::dump> tg=<pool-3-thread-3>       THEN>
<INFO  17:08:49,092 SimpleNode::dump> tg=<pool-3-thread-3>        messageOut confirmation[Reserve=unset, Name=unset, AirlinePayment=unset] => a(travelAgency[],unset)>
<INFO  17:08:49,092 SimpleNode::dump> tg=<pool-3-thread-3>         constraint createEticket[AirlinePayment=unset, Reserve=unset, Name=unset, CcNumber=unset, Eticket=unset]>
<INFO  17:08:49,092 SimpleNode::dump> tg=<pool-3-thread-3>        THEN>
<INFO  17:08:49,093 SimpleNode::dump> tg=<pool-3-thread-3>         messageOut responseAL[Eticket=unset] => a(traveler[],unset)>
<INFO  17:08:49,093 SimpleNode::dump> tg=<pool-3-thread-3>         newRole a(airline[],unset)>
<INFO  17:08:49,093 SimpleNode::dump> tg=<pool-3-thread-3>     THEN>
<INFO  17:08:49,093 SimpleNode::dump> tg=<pool-3-thread-3>      messageIn notificationAL[Status=unset] => a(acquirer[],unset)>
<INFO  17:08:49,093 SimpleNode::dump> tg=<pool-3-thread-3>       constraint emitNotificationAL[Status=unset, Eticket=unset]>
<INFO  17:08:49,094 SimpleNode::dump> tg=<pool-3-thread-3>      THEN>
<INFO  17:08:49,094 SimpleNode::dump> tg=<pool-3-thread-3>       messageOut responseAL[Eticket=unset] => a(traveler[],unset)>
<INFO  17:08:49,094 SimpleNode::dump> tg=<pool-3-thread-3>       newRole a(airline[],unset)>
<INFO  17:08:49,094 SimpleNode::dump> tg=<pool-3-thread-3>    THEN>
<INFO  17:08:49,095 SimpleNode::dump> tg=<pool-3-thread-3>     messageIn cancel[Reserve=unset] => a(travelAgency[],unset)>
<INFO  17:08:49,095 SimpleNode::dump> tg=<pool-3-thread-3>      constraint cancelReserve[Reserve=unset, Confirmation=unset]>
<INFO  17:08:49,095 SimpleNode::dump> tg=<pool-3-thread-3>     THEN>
<INFO  17:08:49,095 SimpleNode::dump> tg=<pool-3-thread-3>      messageOut response[Confirmation=unset] => a(travelAgency[],unset)>
<INFO  17:08:49,095 SimpleNode::dump> tg=<pool-3-thread-3>      newRole a(airline[],unset)>
<INFO  17:08:49,096 SimpleNode::dump> tg=<pool-3-thread-3>  clause a(acquirer[],unset)>
<INFO  17:08:49,096 SimpleNode::dump> tg=<pool-3-thread-3>   THEN>
<INFO  17:08:49,096 SimpleNode::dump> tg=<pool-3-thread-3>    messageIn check[Reserve=unset, Name=unset, CcNumber=unset, TotalPrice=unset] => a(travelAgency[],unset)>
<INFO  17:08:49,096 SimpleNode::dump> tg=<pool-3-thread-3>    OR>
<INFO  17:08:49,096 SimpleNode::dump> tg=<pool-3-thread-3>     THEN>
<INFO  17:08:49,097 SimpleNode::dump> tg=<pool-3-thread-3>      messageOut approval[Status=unset, TravelAgencyPayment=unset] => a(travelAgency[],unset)>
<INFO  17:08:49,097 SimpleNode::dump> tg=<pool-3-thread-3>       constraint countPayments[Reserve=unset, Name=unset, CcNumber=unset, TotalPrice=unset, Status=unset, TravelAgencyPayment=unset, AirlinePayment=unset]>
<INFO  17:08:49,097 SimpleNode::dump> tg=<pool-3-thread-3>      THEN>
<INFO  17:08:49,097 SimpleNode::dump> tg=<pool-3-thread-3>       messageOut payment[AirlinePayment=unset, Reserve=unset, Name=unset, CcNumber=unset] => a(airline[],unset)>
<INFO  17:08:49,097 SimpleNode::dump> tg=<pool-3-thread-3>       newRole a(acquirer[],unset)>
<INFO  17:08:49,098 SimpleNode::dump> tg=<pool-3-thread-3>     THEN>
<INFO  17:08:49,098 SimpleNode::dump> tg=<pool-3-thread-3>      messageOut notificationTA[Status=unset] => a(travelAgency[],unset)>
<INFO  17:08:49,098 SimpleNode::dump> tg=<pool-3-thread-3>       constraint verifyStatus[Status=unset]>
<INFO  17:08:49,098 SimpleNode::dump> tg=<pool-3-thread-3>      THEN>
<INFO  17:08:49,099 SimpleNode::dump> tg=<pool-3-thread-3>       messageOut notificationAL[Status=unset] => a(airline[],unset)>
<INFO  17:08:49,099 SimpleNode::dump> tg=<pool-3-thread-3>       newRole a(acquirer[],unset)>
<INFO  17:08:49,099 LCCInterpreterImpl::setModel> tg=<pool-3-thread-3> {travelAgency[]=RoleSemantics{role:travelAgency,type:necessary,min:1,max:1}, traveler[]=RoleSemantics{role:traveler,type:initial,min:1,max:1}, acquirer[]=RoleSemantics{role:acquirer,type:necessary,min:1,max:1}, airline[]=RoleSemantics{role:airline,type:necessary,min:1,max:1}}>
<DEBUG 17:08:49,110 LCCModelAnalyser::analyseModel> tg=<pool-3-thread-3> Constraints for travelAgency are [registerUser(Name,CcNumber), searchResult(FlightStatus,FlightID,FlightPrice,AirlineName), buildResponse(FlightStatus,FlightID,FlightPrice,AirlineName), travelAgencyMakesAReservation(FlightID,TravelAgencyID), travelAgencyRegisterReservation(ReserveCost,Reserve), confirmCancellation(Reserve), catchUserData(Reserve,Name,CcNumber,TotalPrice), registerPayment(Status,TravelAgencyPayment), emitStatement(Reserve,Name,AirlinePayment,Statement), emitNotificationTA(Status,Statement)]>
<DEBUG 17:08:49,110 LCCModelAnalyser::analyseModel> tg=<pool-3-thread-3> Constraints for traveler are [userInitiatesOrderTrip(Destination,Date,Name,CcNumber), flights(FlightStatus,FlightID,FlightPrice,AirlineName), userMakesAReservation(FlightID), reserve(Reserve), userMakesABook(Reserve), statement(Statement), eTicket(Eticket), userMakesACancellation(Reserve), cancellation(Confirmation)]>
<DEBUG 17:08:49,110 LCCModelAnalyser::analyseModel> tg=<pool-3-thread-3> Constraints for acquirer are [countPayments(Reserve,Name,CcNumber,TotalPrice,Status,TravelAgencyPayment,AirlinePayment), verifyStatus(Status)]>
<DEBUG 17:08:49,111 LCCModelAnalyser::analyseModel> tg=<pool-3-thread-3> Constraints for airline are [createResponse(Destination,Date,FlightStatus,FlightID,FlightPrice,AirlineName), createReserve(FlightID,TravelAgencyID,ReserveCost), createEticket(AirlinePayment,Reserve,Name,CcNumber,Eticket), emitNotificationAL(Status,Eticket), cancelReserve(Reserve,Confirmation)]>
<DEBUG 17:08:49,112 LCCModelAnalyser::analyseModel> tg=<pool-3-thread-3> 

*********** LCCModelImpl Statistics ***********
 Number of Participants: 4
 Participants' Roles: 
   travelAgency = [travelAgency]
   traveler = [traveler]
   acquirer = [acquirer]
   airline = [airline]
 Participants' Constraints: 
   travelAgency = [emitStatement(Reserve,Name,AirlinePayment,Statement), emitNotificationTA(Status,Statement), buildResponse(FlightStatus,FlightID,FlightPrice,AirlineName), catchUserData(Reserve,Name,CcNumber,TotalPrice), registerUser(Name,CcNumber), searchResult(FlightStatus,FlightID,FlightPrice,AirlineName), travelAgencyRegisterReservation(ReserveCost,Reserve), registerPayment(Status,TravelAgencyPayment), travelAgencyMakesAReservation(FlightID,TravelAgencyID), confirmCancellation(Reserve)]
   traveler = [statement(Statement), userInitiatesOrderTrip(Destination,Date,Name,CcNumber), flights(FlightStatus,FlightID,FlightPrice,AirlineName), cancellation(Confirmation), eTicket(Eticket), userMakesACancellation(Reserve), userMakesAReservation(FlightID), userMakesABook(Reserve), reserve(Reserve)]
   acquirer = [verifyStatus(Status), countPayments(Reserve,Name,CcNumber,TotalPrice,Status,TravelAgencyPayment,AirlinePayment)]
   airline = [createResponse(Destination,Date,FlightStatus,FlightID,FlightPrice,AirlineName), createEticket(AirlinePayment,Reserve,Name,CcNumber,Eticket), cancelReserve(Reserve,Confirmation), createReserve(FlightID,TravelAgencyID,ReserveCost), emitNotificationAL(Status,Eticket)]
 Participant incoming communications: 
   travelAgency = [traveler, airline, acquirer]
   traveler = [travelAgency, airline]
   acquirer = [travelAgency]
   airline = [travelAgency, acquirer]
 Participant outgoing communications: 
   travelAgency = [airline, traveler, acquirer]
   traveler = [travelAgency]
   acquirer = [travelAgency, airline]
   airline = [travelAgency, traveler]
 Role incoming communications: 
   travelAgency = [traveler, acquirer, airline]
   traveler = [travelAgency]
   acquirer = [travelAgency, airline]
   airline = [travelAgency, traveler]
 Role outgoing communications: 
   travelAgency = [traveler, airline, acquirer]
   traveler = [travelAgency, airline]
   acquirer = [travelAgency]
   airline = [travelAgency, acquirer]
****************************************
>
<DEBUG 17:08:49,286 MatchManager::getInputStream> tg=<pool-3-thread-3> Trying to load /WordNet/multiwords.hash from [jar]>
<INFO  17:08:50,511 InteractionTask::processReceivedInteraction> tg=<pool-3-thread-3> >>> IM 528f5c7c7185c98b9a6ec5c3d6f58de8 will be processed>
<INFO  17:08:50,511 InteractionTask::subscribe> tg=<pool-3-thread-3> >>> Will subscribe to 528f5c7c7185c98b9a6ec5c3d6f58de8>
*** SUBSCRIBED! ***
<WARN  17:08:58,224 DiagnosticModuleImpl::subscriptionAccepted> tg=<pool-3-thread-8> Warning: SubscriptionNegotiator EPID was not in listener map: {}>
<DEBUG 17:11:49,767 SingleClientConnManager::getConnection> tg=<pool-4-thread-1> Get connection for route HttpRoute[{}->http://localhost:9881]>
<DEBUG 17:11:49,770 ClientParamsStack::getParameter> tg=<pool-4-thread-1> 'http.connection.timeout': 60000>
<DEBUG 17:11:49,771 ClientParamsStack::getParameter> tg=<pool-4-thread-1> 'http.tcp.nodelay': true>
<DEBUG 17:11:49,771 ClientParamsStack::getParameter> tg=<pool-4-thread-1> 'http.socket.buffer-size': 8192>
<DEBUG 17:11:49,784 ClientParamsStack::getParameter> tg=<pool-4-thread-1> 'http.protocol.version': HTTP/1.1>
<DEBUG 17:11:49,785 ClientParamsStack::getParameter> tg=<pool-4-thread-1> 'http.useragent': Apache-HttpClient/4.0 (java 1.5)>
<DEBUG 17:11:49,786 ClientParamsStack::getParameter> tg=<pool-4-thread-1> 'http.protocol.expect-continue': true>
<DEBUG 17:11:49,786 RequestAddCookies::process> tg=<pool-4-thread-1> CookieSpec selected: best-match>
<DEBUG 17:11:49,797 DefaultRequestDirector::execute> tg=<pool-4-thread-1> Attempt 1 to execute request>
<DEBUG 17:11:49,798 DefaultClientConnection::sendRequestHeader> tg=<pool-4-thread-1> Sending request: POST /travelagency/users HTTP/1.1>
<DEBUG 17:11:49,798 Wire::wire> tg=<pool-4-thread-1> >> "POST /travelagency/users HTTP/1.1[EOL]">
<DEBUG 17:11:49,799 Wire::wire> tg=<pool-4-thread-1> >> "Content-Length: 20[EOL]">
<DEBUG 17:11:49,800 Wire::wire> tg=<pool-4-thread-1> >> "Content-Type: text/plain; charset=UTF-8[EOL]">
<DEBUG 17:11:49,800 Wire::wire> tg=<pool-4-thread-1> >> "Host: localhost:9881[EOL]">
<DEBUG 17:11:49,800 Wire::wire> tg=<pool-4-thread-1> >> "Connection: Keep-Alive[EOL]">
<DEBUG 17:11:49,800 Wire::wire> tg=<pool-4-thread-1> >> "User-Agent: Apache-HttpClient/4.0 (java 1.5)[EOL]">
<DEBUG 17:11:49,800 Wire::wire> tg=<pool-4-thread-1> >> "Expect: 100-Continue[EOL]">
<DEBUG 17:11:49,801 Wire::wire> tg=<pool-4-thread-1> >> "[EOL]">
<DEBUG 17:11:49,801 DefaultClientConnection::sendRequestHeader> tg=<pool-4-thread-1> >> POST /travelagency/users HTTP/1.1>
<DEBUG 17:11:49,801 DefaultClientConnection::sendRequestHeader> tg=<pool-4-thread-1> >> Content-Length: 20>
<DEBUG 17:11:49,801 DefaultClientConnection::sendRequestHeader> tg=<pool-4-thread-1> >> Content-Type: text/plain; charset=UTF-8>
<DEBUG 17:11:49,802 DefaultClientConnection::sendRequestHeader> tg=<pool-4-thread-1> >> Host: localhost:9881>
<DEBUG 17:11:49,802 DefaultClientConnection::sendRequestHeader> tg=<pool-4-thread-1> >> Connection: Keep-Alive>
<DEBUG 17:11:49,802 DefaultClientConnection::sendRequestHeader> tg=<pool-4-thread-1> >> User-Agent: Apache-HttpClient/4.0 (java 1.5)>
<DEBUG 17:11:49,802 DefaultClientConnection::sendRequestHeader> tg=<pool-4-thread-1> >> Expect: 100-Continue>
<DEBUG 17:11:51,805 Wire::wire> tg=<pool-4-thread-1> >> "John Locke|435067869">
<DEBUG 17:11:51,967 Wire::wire> tg=<pool-4-thread-1> << "HTTP/1.1 201 Created[EOL]">
<DEBUG 17:11:51,971 Wire::wire> tg=<pool-4-thread-1> << "server: grizzly/1.9.18[EOL]">
<DEBUG 17:11:51,971 Wire::wire> tg=<pool-4-thread-1> << "Location: http://localhost:9881/travelagency/users/85[EOL]">
<DEBUG 17:11:51,971 Wire::wire> tg=<pool-4-thread-1> << "Content-Length: 0[EOL]">
<DEBUG 17:11:51,972 Wire::wire> tg=<pool-4-thread-1> << "Date: Tue, 15 Mar 2011 20:11:51 GMT[EOL]">
<DEBUG 17:11:51,972 Wire::wire> tg=<pool-4-thread-1> << "[EOL]">
<DEBUG 17:11:51,973 DefaultClientConnection::receiveResponseHeader> tg=<pool-4-thread-1> Receiving response: HTTP/1.1 201 Created>
<DEBUG 17:11:51,974 DefaultClientConnection::receiveResponseHeader> tg=<pool-4-thread-1> << HTTP/1.1 201 Created>
<DEBUG 17:11:51,974 DefaultClientConnection::receiveResponseHeader> tg=<pool-4-thread-1> << server: grizzly/1.9.18>
<DEBUG 17:11:51,974 DefaultClientConnection::receiveResponseHeader> tg=<pool-4-thread-1> << Location: http://localhost:9881/travelagency/users/85>
<DEBUG 17:11:51,975 DefaultClientConnection::receiveResponseHeader> tg=<pool-4-thread-1> << Content-Length: 0>
<DEBUG 17:11:51,975 DefaultClientConnection::receiveResponseHeader> tg=<pool-4-thread-1> << Date: Tue, 15 Mar 2011 20:11:51 GMT>
<DEBUG 17:11:51,980 DefaultRequestDirector::execute> tg=<pool-4-thread-1> Connection can be kept alive indefinitely>
<DEBUG 17:11:51,984 SingleClientConnManager::releaseConnection> tg=<pool-4-thread-1> Releasing connection org.apache.http.impl.conn.SingleClientConnManager$ConnAdapter@3fac1e22>
<DEBUG 17:11:51,988 DefaultClientConnection::shutdown> tg=<pool-4-thread-1> Connection shut down>
<DEBUG 17:11:52,037 SingleClientConnManager::getConnection> tg=<pool-4-thread-1> Get connection for route HttpRoute[{}->http://localhost:9881]>
<DEBUG 17:11:52,038 ClientParamsStack::getParameter> tg=<pool-4-thread-1> 'http.connection.timeout': 60000>
<DEBUG 17:11:52,038 ClientParamsStack::getParameter> tg=<pool-4-thread-1> 'http.tcp.nodelay': true>
<DEBUG 17:11:52,038 ClientParamsStack::getParameter> tg=<pool-4-thread-1> 'http.socket.buffer-size': 8192>
<DEBUG 17:11:52,039 ClientParamsStack::getParameter> tg=<pool-4-thread-1> 'http.protocol.version': HTTP/1.1>
<DEBUG 17:11:52,039 ClientParamsStack::getParameter> tg=<pool-4-thread-1> 'http.useragent': Apache-HttpClient/4.0 (java 1.5)>
<DEBUG 17:11:52,039 ClientParamsStack::getParameter> tg=<pool-4-thread-1> 'http.protocol.expect-continue': true>
<DEBUG 17:11:52,040 RequestAddCookies::process> tg=<pool-4-thread-1> CookieSpec selected: best-match>
<DEBUG 17:11:52,040 DefaultRequestDirector::execute> tg=<pool-4-thread-1> Attempt 1 to execute request>
<DEBUG 17:11:52,040 DefaultClientConnection::sendRequestHeader> tg=<pool-4-thread-1> Sending request: POST /travelagency/users HTTP/1.1>
<DEBUG 17:11:52,040 Wire::wire> tg=<pool-4-thread-1> >> "POST /travelagency/users HTTP/1.1[EOL]">
<DEBUG 17:11:52,041 Wire::wire> tg=<pool-4-thread-1> >> "Content-Length: 20[EOL]">
<DEBUG 17:11:52,041 Wire::wire> tg=<pool-4-thread-1> >> "Content-Type: text/plain; charset=UTF-8[EOL]">
<DEBUG 17:11:52,041 Wire::wire> tg=<pool-4-thread-1> >> "Host: localhost:9881[EOL]">
<DEBUG 17:11:52,042 Wire::wire> tg=<pool-4-thread-1> >> "Connection: Keep-Alive[EOL]">
<DEBUG 17:11:52,042 Wire::wire> tg=<pool-4-thread-1> >> "User-Agent: Apache-HttpClient/4.0 (java 1.5)[EOL]">
<DEBUG 17:11:52,042 Wire::wire> tg=<pool-4-thread-1> >> "Expect: 100-Continue[EOL]">
<DEBUG 17:11:52,042 Wire::wire> tg=<pool-4-thread-1> >> "[EOL]">
<DEBUG 17:11:52,043 DefaultClientConnection::sendRequestHeader> tg=<pool-4-thread-1> >> POST /travelagency/users HTTP/1.1>
<DEBUG 17:11:52,043 DefaultClientConnection::sendRequestHeader> tg=<pool-4-thread-1> >> Content-Length: 20>
<DEBUG 17:11:52,043 DefaultClientConnection::sendRequestHeader> tg=<pool-4-thread-1> >> Content-Type: text/plain; charset=UTF-8>
<DEBUG 17:11:52,043 DefaultClientConnection::sendRequestHeader> tg=<pool-4-thread-1> >> Host: localhost:9881>
<DEBUG 17:11:52,044 DefaultClientConnection::sendRequestHeader> tg=<pool-4-thread-1> >> Connection: Keep-Alive>
<DEBUG 17:11:52,044 DefaultClientConnection::sendRequestHeader> tg=<pool-4-thread-1> >> User-Agent: Apache-HttpClient/4.0 (java 1.5)>
<DEBUG 17:11:52,044 DefaultClientConnection::sendRequestHeader> tg=<pool-4-thread-1> >> Expect: 100-Continue>
<DEBUG 17:11:54,065 Wire::wire> tg=<pool-4-thread-1> >> "John Locke|435067869">
<DEBUG 17:11:54,167 Wire::wire> tg=<pool-4-thread-1> << "HTTP/1.1 201 Created[EOL]">
<DEBUG 17:11:54,167 Wire::wire> tg=<pool-4-thread-1> << "server: grizzly/1.9.18[EOL]">
<DEBUG 17:11:54,168 Wire::wire> tg=<pool-4-thread-1> << "Location: http://localhost:9881/travelagency/users/86[EOL]">
<DEBUG 17:11:54,168 Wire::wire> tg=<pool-4-thread-1> << "Content-Length: 0[EOL]">
<DEBUG 17:11:54,169 Wire::wire> tg=<pool-4-thread-1> << "Date: Tue, 15 Mar 2011 20:11:54 GMT[EOL]">
<DEBUG 17:11:54,169 Wire::wire> tg=<pool-4-thread-1> << "[EOL]">
<DEBUG 17:11:54,169 DefaultClientConnection::receiveResponseHeader> tg=<pool-4-thread-1> Receiving response: HTTP/1.1 201 Created>
<DEBUG 17:11:54,170 DefaultClientConnection::receiveResponseHeader> tg=<pool-4-thread-1> << HTTP/1.1 201 Created>
<DEBUG 17:11:54,170 DefaultClientConnection::receiveResponseHeader> tg=<pool-4-thread-1> << server: grizzly/1.9.18>
<DEBUG 17:11:54,170 DefaultClientConnection::receiveResponseHeader> tg=<pool-4-thread-1> << Location: http://localhost:9881/travelagency/users/86>
<DEBUG 17:11:54,171 DefaultClientConnection::receiveResponseHeader> tg=<pool-4-thread-1> << Content-Length: 0>
<DEBUG 17:11:54,171 DefaultClientConnection::receiveResponseHeader> tg=<pool-4-thread-1> << Date: Tue, 15 Mar 2011 20:11:54 GMT>
<DEBUG 17:11:54,171 DefaultRequestDirector::execute> tg=<pool-4-thread-1> Connection can be kept alive indefinitely>
<DEBUG 17:11:54,172 SingleClientConnManager::releaseConnection> tg=<pool-4-thread-1> Releasing connection org.apache.http.impl.conn.SingleClientConnManager$ConnAdapter@40c5577c>
<DEBUG 17:11:54,172 DefaultClientConnection::shutdown> tg=<pool-4-thread-1> Connection shut down>
<DEBUG 17:11:54,222 SingleClientConnManager::getConnection> tg=<pool-4-thread-1> Get connection for route HttpRoute[{}->http://localhost:9881]>
<DEBUG 17:11:54,223 ClientParamsStack::getParameter> tg=<pool-4-thread-1> 'http.connection.timeout': 60000>
<DEBUG 17:11:54,223 ClientParamsStack::getParameter> tg=<pool-4-thread-1> 'http.tcp.nodelay': true>
<DEBUG 17:11:54,224 ClientParamsStack::getParameter> tg=<pool-4-thread-1> 'http.socket.buffer-size': 8192>
<DEBUG 17:11:54,224 ClientParamsStack::getParameter> tg=<pool-4-thread-1> 'http.protocol.version': HTTP/1.1>
<DEBUG 17:11:54,224 ClientParamsStack::getParameter> tg=<pool-4-thread-1> 'http.useragent': Apache-HttpClient/4.0 (java 1.5)>
<DEBUG 17:11:54,224 ClientParamsStack::getParameter> tg=<pool-4-thread-1> 'http.protocol.expect-continue': true>
<DEBUG 17:11:54,225 RequestAddCookies::process> tg=<pool-4-thread-1> CookieSpec selected: best-match>
<DEBUG 17:11:54,225 DefaultRequestDirector::execute> tg=<pool-4-thread-1> Attempt 1 to execute request>
<DEBUG 17:11:54,225 DefaultClientConnection::sendRequestHeader> tg=<pool-4-thread-1> Sending request: POST /travelagency/users HTTP/1.1>
<DEBUG 17:11:54,225 Wire::wire> tg=<pool-4-thread-1> >> "POST /travelagency/users HTTP/1.1[EOL]">
<DEBUG 17:11:54,225 Wire::wire> tg=<pool-4-thread-1> >> "Content-Length: 20[EOL]">
<DEBUG 17:11:54,226 Wire::wire> tg=<pool-4-thread-1> >> "Content-Type: text/plain; charset=UTF-8[EOL]">
<DEBUG 17:11:54,237 Wire::wire> tg=<pool-4-thread-1> >> "Host: localhost:9881[EOL]">
<DEBUG 17:11:54,237 Wire::wire> tg=<pool-4-thread-1> >> "Connection: Keep-Alive[EOL]">
<DEBUG 17:11:54,237 Wire::wire> tg=<pool-4-thread-1> >> "User-Agent: Apache-HttpClient/4.0 (java 1.5)[EOL]">
<DEBUG 17:11:54,238 Wire::wire> tg=<pool-4-thread-1> >> "Expect: 100-Continue[EOL]">
<DEBUG 17:11:54,248 Wire::wire> tg=<pool-4-thread-1> >> "[EOL]">
<DEBUG 17:11:54,248 DefaultClientConnection::sendRequestHeader> tg=<pool-4-thread-1> >> POST /travelagency/users HTTP/1.1>
<DEBUG 17:11:54,248 DefaultClientConnection::sendRequestHeader> tg=<pool-4-thread-1> >> Content-Length: 20>
<DEBUG 17:11:54,249 DefaultClientConnection::sendRequestHeader> tg=<pool-4-thread-1> >> Content-Type: text/plain; charset=UTF-8>
<DEBUG 17:11:54,249 DefaultClientConnection::sendRequestHeader> tg=<pool-4-thread-1> >> Host: localhost:9881>
<DEBUG 17:11:54,249 DefaultClientConnection::sendRequestHeader> tg=<pool-4-thread-1> >> Connection: Keep-Alive>
<DEBUG 17:11:54,249 DefaultClientConnection::sendRequestHeader> tg=<pool-4-thread-1> >> User-Agent: Apache-HttpClient/4.0 (java 1.5)>
<DEBUG 17:11:54,249 DefaultClientConnection::sendRequestHeader> tg=<pool-4-thread-1> >> Expect: 100-Continue>
<DEBUG 17:11:56,252 Wire::wire> tg=<pool-4-thread-1> >> "John Locke|435067869">
<DEBUG 17:11:56,368 Wire::wire> tg=<pool-4-thread-1> << "HTTP/1.1 201 Created[EOL]">
<DEBUG 17:11:56,369 Wire::wire> tg=<pool-4-thread-1> << "server: grizzly/1.9.18[EOL]">
<DEBUG 17:11:56,369 Wire::wire> tg=<pool-4-thread-1> << "Location: http://localhost:9881/travelagency/users/87[EOL]">
<DEBUG 17:11:56,369 Wire::wire> tg=<pool-4-thread-1> << "Content-Length: 0[EOL]">
<DEBUG 17:11:56,370 Wire::wire> tg=<pool-4-thread-1> << "Date: Tue, 15 Mar 2011 20:11:56 GMT[EOL]">
<DEBUG 17:11:56,370 Wire::wire> tg=<pool-4-thread-1> << "[EOL]">
<DEBUG 17:11:56,370 DefaultClientConnection::receiveResponseHeader> tg=<pool-4-thread-1> Receiving response: HTTP/1.1 201 Created>
<DEBUG 17:11:56,371 DefaultClientConnection::receiveResponseHeader> tg=<pool-4-thread-1> << HTTP/1.1 201 Created>
<DEBUG 17:11:56,371 DefaultClientConnection::receiveResponseHeader> tg=<pool-4-thread-1> << server: grizzly/1.9.18>
<DEBUG 17:11:56,371 DefaultClientConnection::receiveResponseHeader> tg=<pool-4-thread-1> << Location: http://localhost:9881/travelagency/users/87>
<DEBUG 17:11:56,371 DefaultClientConnection::receiveResponseHeader> tg=<pool-4-thread-1> << Content-Length: 0>
<DEBUG 17:11:56,372 DefaultClientConnection::receiveResponseHeader> tg=<pool-4-thread-1> << Date: Tue, 15 Mar 2011 20:11:56 GMT>
<DEBUG 17:11:56,372 DefaultRequestDirector::execute> tg=<pool-4-thread-1> Connection can be kept alive indefinitely>
<DEBUG 17:11:56,372 SingleClientConnManager::releaseConnection> tg=<pool-4-thread-1> Releasing connection org.apache.http.impl.conn.SingleClientConnManager$ConnAdapter@46b113c7>
<DEBUG 17:11:56,373 DefaultClientConnection::shutdown> tg=<pool-4-thread-1> Connection shut down>
<DEBUG 17:11:56,428 SingleClientConnManager::getConnection> tg=<pool-4-thread-1> Get connection for route HttpRoute[{}->http://localhost:9881]>
<DEBUG 17:11:56,429 ClientParamsStack::getParameter> tg=<pool-4-thread-1> 'http.connection.timeout': 60000>
<DEBUG 17:11:56,429 ClientParamsStack::getParameter> tg=<pool-4-thread-1> 'http.tcp.nodelay': true>
<DEBUG 17:11:56,429 ClientParamsStack::getParameter> tg=<pool-4-thread-1> 'http.socket.buffer-size': 8192>
<DEBUG 17:11:56,429 ClientParamsStack::getParameter> tg=<pool-4-thread-1> 'http.protocol.version': HTTP/1.1>
<DEBUG 17:11:56,430 ClientParamsStack::getParameter> tg=<pool-4-thread-1> 'http.useragent': Apache-HttpClient/4.0 (java 1.5)>
<DEBUG 17:11:56,430 ClientParamsStack::getParameter> tg=<pool-4-thread-1> 'http.protocol.expect-continue': true>
<DEBUG 17:11:56,430 RequestAddCookies::process> tg=<pool-4-thread-1> CookieSpec selected: best-match>
<DEBUG 17:11:56,430 DefaultRequestDirector::execute> tg=<pool-4-thread-1> Attempt 1 to execute request>
<DEBUG 17:11:56,430 DefaultClientConnection::sendRequestHeader> tg=<pool-4-thread-1> Sending request: POST /travelagency/users HTTP/1.1>
<DEBUG 17:11:56,431 Wire::wire> tg=<pool-4-thread-1> >> "POST /travelagency/users HTTP/1.1[EOL]">
<DEBUG 17:11:56,431 Wire::wire> tg=<pool-4-thread-1> >> "Content-Length: 20[EOL]">
<DEBUG 17:11:56,431 Wire::wire> tg=<pool-4-thread-1> >> "Content-Type: text/plain; charset=UTF-8[EOL]">
<DEBUG 17:11:56,431 Wire::wire> tg=<pool-4-thread-1> >> "Host: localhost:9881[EOL]">
<DEBUG 17:11:56,431 Wire::wire> tg=<pool-4-thread-1> >> "Connection: Keep-Alive[EOL]">
<DEBUG 17:11:56,432 Wire::wire> tg=<pool-4-thread-1> >> "User-Agent: Apache-HttpClient/4.0 (java 1.5)[EOL]">
<DEBUG 17:11:56,432 Wire::wire> tg=<pool-4-thread-1> >> "Expect: 100-Continue[EOL]">
<DEBUG 17:11:56,432 Wire::wire> tg=<pool-4-thread-1> >> "[EOL]">
<DEBUG 17:11:56,432 DefaultClientConnection::sendRequestHeader> tg=<pool-4-thread-1> >> POST /travelagency/users HTTP/1.1>
<DEBUG 17:11:56,432 DefaultClientConnection::sendRequestHeader> tg=<pool-4-thread-1> >> Content-Length: 20>
<DEBUG 17:11:56,432 DefaultClientConnection::sendRequestHeader> tg=<pool-4-thread-1> >> Content-Type: text/plain; charset=UTF-8>
<DEBUG 17:11:56,433 DefaultClientConnection::sendRequestHeader> tg=<pool-4-thread-1> >> Host: localhost:9881>
<DEBUG 17:11:56,433 DefaultClientConnection::sendRequestHeader> tg=<pool-4-thread-1> >> Connection: Keep-Alive>
<DEBUG 17:11:56,433 DefaultClientConnection::sendRequestHeader> tg=<pool-4-thread-1> >> User-Agent: Apache-HttpClient/4.0 (java 1.5)>
<DEBUG 17:11:56,433 DefaultClientConnection::sendRequestHeader> tg=<pool-4-thread-1> >> Expect: 100-Continue>
<DEBUG 17:11:58,436 Wire::wire> tg=<pool-4-thread-1> >> "John Locke|435067869">
<DEBUG 17:11:58,547 Wire::wire> tg=<pool-4-thread-1> << "HTTP/1.1 201 Created[EOL]">
<DEBUG 17:11:58,547 Wire::wire> tg=<pool-4-thread-1> << "server: grizzly/1.9.18[EOL]">
<DEBUG 17:11:58,547 Wire::wire> tg=<pool-4-thread-1> << "Location: http://localhost:9881/travelagency/users/88[EOL]">
<DEBUG 17:11:58,548 Wire::wire> tg=<pool-4-thread-1> << "Content-Length: 0[EOL]">
<DEBUG 17:11:58,548 Wire::wire> tg=<pool-4-thread-1> << "Date: Tue, 15 Mar 2011 20:11:58 GMT[EOL]">
<DEBUG 17:11:58,548 Wire::wire> tg=<pool-4-thread-1> << "[EOL]">
<DEBUG 17:11:58,548 DefaultClientConnection::receiveResponseHeader> tg=<pool-4-thread-1> Receiving response: HTTP/1.1 201 Created>
<DEBUG 17:11:58,548 DefaultClientConnection::receiveResponseHeader> tg=<pool-4-thread-1> << HTTP/1.1 201 Created>
<DEBUG 17:11:58,548 DefaultClientConnection::receiveResponseHeader> tg=<pool-4-thread-1> << server: grizzly/1.9.18>
<DEBUG 17:11:58,549 DefaultClientConnection::receiveResponseHeader> tg=<pool-4-thread-1> << Location: http://localhost:9881/travelagency/users/88>
<DEBUG 17:11:58,549 DefaultClientConnection::receiveResponseHeader> tg=<pool-4-thread-1> << Content-Length: 0>
<DEBUG 17:11:58,549 DefaultClientConnection::receiveResponseHeader> tg=<pool-4-thread-1> << Date: Tue, 15 Mar 2011 20:11:58 GMT>
<DEBUG 17:11:58,549 DefaultRequestDirector::execute> tg=<pool-4-thread-1> Connection can be kept alive indefinitely>
<DEBUG 17:11:58,550 SingleClientConnManager::releaseConnection> tg=<pool-4-thread-1> Releasing connection org.apache.http.impl.conn.SingleClientConnManager$ConnAdapter@2627cd63>
<DEBUG 17:11:58,550 DefaultClientConnection::shutdown> tg=<pool-4-thread-1> Connection shut down>
