#
# A fatal error has been detected by the Java Runtime Environment:
#
#  SIGSEGV (0xb) at pc=0x00007f1d44b93deb, pid=16749, tid=139762480891664
#
# JRE version: 6.0_22-b04
# Java VM: Java HotSpot(TM) 64-Bit Server VM (17.1-b03 mixed mode linux-amd64 )
# Problematic frame:
# C  [libc.so.6+0x86deb]  memcpy+0x15b
#
# If you would like to submit a bug report, please visit:
#   http://java.sun.com/webapps/bugreport/crash.jsp
# The crash happened outside the Java Virtual Machine in native code.
# See problematic frame for where to report the bug.
#

---------------  T H R E A D  ---------------

Current thread (0x0000000040c95000):  JavaThread "Grizzly-9883-WorkerThread(0)" daemon [_thread_in_native, id=17514, stack(0x00007f1cfcf6c000,0x00007f1cfd06d000)]

siginfo:si_signo=SIGSEGV: si_errno=0, si_code=1 (SEGV_MAPERR), si_addr=0x00007f1d454c3000

Registers:
RAX=0x0000000000000000, RBX=0x0000000000000008, RCX=0x000000000000071a, RDX=0x00000000000089b6
RSP=0x00007f1cfd069628, RBP=0x00007f1d454c2895, RSI=0x00007f1d454c3000, RDI=0x000000004099efd7
R8 =0x0000000000000001, R9 =0x00007f1d44e8be48, R10=0x00007f1d44e8c608, R11=0x0000000000004000
R12=0x0000000040aa26a0, R13=0x0000000000000008, R14=0x00000000000089bb, R15=0x0000000000003d86
RIP=0x00007f1d44b93deb, EFL=0x0000000000010206, CSGSFS=0x0000000000000033, ERR=0x0000000000000004
  TRAPNO=0x000000000000000e

Top of Stack: (sp=0x00007f1cfd069628)
0x00007f1cfd069628:   00007f1d42e4c0ad 00007f1cfd069650
0x00007f1cfd069638:   00000000409a9b18 00000000409a9940
0x00007f1cfd069648:   0000000000000000 000000006fad682a
0x00007f1cfd069658:   00007f1cfd0696c0 0000000000000000
0x00007f1cfd069668:   00007f1d42e4c2ad 0000000040c95000
0x00007f1cfd069678:   00007f1cfd0696c0 0000000040c951c8
0x00007f1cfd069688:   0000000000000016 00007f1cfd069b98
0x00007f1cfd069698:   0000000000000016 0000000000000001
0x00007f1cfd0696a8:   00007f1d42e44747 00007f1cfd0696c0
0x00007f1cfd0696b8:   00000000409a9940 752f656d692f7262
0x00007f1cfd0696c8:   63612f73772f7073 002f726572697571
0x00007f1cfd0696d8:   00007f1d00000000 0000000000000000
0x00007f1cfd0696e8:   00007f1d3aa675d0 0000000000000000
0x00007f1cfd0696f8:   00007f1cfd069710 00007f1cfd069780
0x00007f1cfd069708:   00007f1d00000000 00007f1c00000000
0x00007f1cfd069718:   00007f1c00000000 00007f1c00001fa0
0x00007f1cfd069728:   00007f1c00000000 00007f1d000000d0
0x00007f1cfd069738:   0000000000000002 00007f1cfd069760
0x00007f1cfd069748:   00007f1d4438d8ec 0000000040c7c1b0
0x00007f1cfd069758:   0000000040a0a838 00007f1cfd069780
0x00007f1cfd069768:   00007f1d4438e7c8 0000000014ed2c74
0x00007f1cfd069778:   00007f1cfd0697f8 00007f1c00000000
0x00007f1cfd069788:   00007f1d00000000 0000000000000000
0x00007f1cfd069798:   0000000040c95000 00007f1cfd0697f0
0x00007f1cfd0697a8:   00007f1cfd069b18 0000000c019de3b8
0x00007f1cfd0697b8:   00007f1d3fe50520 0000000000000000
0x00007f1cfd0697c8:   00000000408df5d0 0000000040a0a530
0x00007f1cfd0697d8:   0000000040a0a580 14ed2c74000000d0
0x00007f1cfd0697e8:   0000000040a0a838 0000000040c95000
0x00007f1cfd0697f8:   0000000000000000 00007f1d3aa675d0
0x00007f1cfd069808:   00007f1c00000000 00007f1cfd06a940
0x00007f1cfd069818:   0000000000000000 00007f1cfd06a980 

Instructions: (pc=0x00007f1d44b93deb)
0x00007f1d44b93ddb:   0f 47 da 4c 89 d9 49 83 e3 f8 48 c1 e9 03 74 05
0x00007f1d44b93deb:   f3 48 a5 66 90 4c 29 da 48 f7 c2 f8 ff ff ff 75 

Stack: [0x00007f1cfcf6c000,0x00007f1cfd06d000],  sp=0x00007f1cfd069628,  free space=3f50000000000000018k
Native frames: (J=compiled Java code, j=interpreted, Vv=VM code, C=native code)
C  [libc.so.6+0x86deb]  memcpy+0x15b

Java frames: (J=compiled Java code, j=interpreted, Vv=VM code)
j  java.util.zip.ZipFile.getEntry(JLjava/lang/String;Z)J+0
j  java.util.zip.ZipFile.getEntry(Ljava/lang/String;)Ljava/util/zip/ZipEntry;+31
j  java.util.jar.JarFile.getEntry(Ljava/lang/String;)Ljava/util/zip/ZipEntry;+2
j  java.util.jar.JarFile.getJarEntry(Ljava/lang/String;)Ljava/util/jar/JarEntry;+2
j  sun.misc.URLClassPath$JarLoader.getResource(Ljava/lang/String;Z)Lsun/misc/Resource;+48
j  sun.misc.URLClassPath$JarLoader.findResource(Ljava/lang/String;Z)Ljava/net/URL;+3
j  sun.misc.URLClassPath$1.next()Z+42
j  sun.misc.URLClassPath$1.hasMoreElements()Z+1
j  java.net.URLClassLoader$3$1.run()Ljava/lang/Object;+7
v  ~StubRoutines::call_stub
j  java.security.AccessController.doPrivileged(Ljava/security/PrivilegedAction;Ljava/security/AccessControlContext;)Ljava/lang/Object;+0
j  java.net.URLClassLoader$3.next()Z+24
j  java.net.URLClassLoader$3.hasMoreElements()Z+1
j  sun.misc.CompoundEnumeration.next()Z+33
j  sun.misc.CompoundEnumeration.hasMoreElements()Z+1
j  sun.misc.CompoundEnumeration.next()Z+33
j  sun.misc.CompoundEnumeration.hasMoreElements()Z+1
j  com.sun.jersey.core.spi.scanning.PackageNamesScanner.scan(Lcom/sun/jersey/core/spi/scanning/ScannerListener;)V+46
j  com.sun.jersey.api.core.ScanningResourceConfig.init(Lcom/sun/jersey/core/spi/scanning/Scanner;)V+15
j  com.sun.jersey.api.core.PackagesResourceConfig.init([Ljava/lang/String;)V+94
j  com.sun.jersey.api.core.PackagesResourceConfig.<init>([Ljava/lang/String;)V+36
j  com.sun.jersey.api.core.PackagesResourceConfig.<init>(Ljava/util/Map;)V+5
j  com.sun.jersey.spi.container.servlet.WebComponent.createResourceConfig(Lcom/sun/jersey/spi/container/servlet/WebConfig;Ljava/util/Map;)Lcom/sun/jersey/api/core/ResourceConfig;+57
j  com.sun.jersey.spi.container.servlet.WebComponent.createResourceConfig(Lcom/sun/jersey/spi/container/servlet/WebConfig;)Lcom/sun/jersey/api/core/ResourceConfig;+9
j  com.sun.jersey.spi.container.servlet.WebComponent.init(Lcom/sun/jersey/spi/container/servlet/WebConfig;)V+31
j  com.sun.jersey.spi.container.servlet.ServletContainer.init(Lcom/sun/jersey/spi/container/servlet/WebConfig;)V+39
j  com.sun.jersey.spi.container.servlet.ServletContainer.init()V+9
j  javax.servlet.GenericServlet.init(Ljavax/servlet/ServletConfig;)V+6
j  com.sun.grizzly.http.servlet.ServletAdapter.loadServlet()V+107
j  com.sun.grizzly.http.servlet.ServletAdapter.doService(Lcom/sun/grizzly/tcp/http11/GrizzlyRequest;Lcom/sun/grizzly/tcp/http11/GrizzlyResponse;)V+179
j  com.sun.grizzly.http.servlet.ServletAdapter.service(Lcom/sun/grizzly/tcp/http11/GrizzlyRequest;Lcom/sun/grizzly/tcp/http11/GrizzlyResponse;)V+27
j  com.sun.grizzly.tcp.http11.GrizzlyAdapter.service(Lcom/sun/grizzly/tcp/Request;Lcom/sun/grizzly/tcp/Response;)V+215
j  com.sun.grizzly.http.ProcessorTask.invokeAdapter()V+19
j  com.sun.grizzly.http.ProcessorTask.doProcess()Z+364
j  com.sun.grizzly.http.ProcessorTask.process(Ljava/io/InputStream;Ljava/io/OutputStream;)Z+7
j  com.sun.grizzly.http.DefaultProtocolFilter.execute(Lcom/sun/grizzly/Context;)Z+444
j  com.sun.grizzly.DefaultProtocolChain.executeProtocolFilter(Lcom/sun/grizzly/Context;I)I+46
j  com.sun.grizzly.DefaultProtocolChain.execute(Lcom/sun/grizzly/Context;I)V+21
j  com.sun.grizzly.DefaultProtocolChain.execute(Lcom/sun/grizzly/Context;)V+3
j  com.sun.grizzly.http.HttpProtocolChain.execute(Lcom/sun/grizzly/Context;)V+63
j  com.sun.grizzly.ProtocolChainContextTask.doCall()Ljava/lang/Object;+13
j  com.sun.grizzly.SelectionKeyContextTask.call()Ljava/lang/Object;+7
j  com.sun.grizzly.ContextTask.run()V+1
j  com.sun.grizzly.util.AbstractThreadPool$Worker.doWork()V+44
j  com.sun.grizzly.util.AbstractThreadPool$Worker.run()V+9
j  java.lang.Thread.run()V+11
v  ~StubRoutines::call_stub

---------------  P R O C E S S  ---------------

Java Threads: ( => current thread )
  0x0000000040a84000 JavaThread "Grizzly" daemon [_thread_blocked, id=17515, stack(0x00007f1cfce6b000,0x00007f1cfcf6c000)]
=>0x0000000040c95000 JavaThread "Grizzly-9883-WorkerThread(0)" daemon [_thread_in_native, id=17514, stack(0x00007f1cfcf6c000,0x00007f1cfd06d000)]
  0x00007f1cf801d800 JavaThread "DestroyJavaVM" [_thread_blocked, id=16750, stack(0x00007f1d43ce1000,0x00007f1d43de2000)]
  0x0000000040bf6000 JavaThread "Thread-1" daemon [_thread_in_native, id=16760, stack(0x00007f1cfd28c000,0x00007f1cfd38d000)]
  0x00007f1cf802b000 JavaThread "SelectorThread-9883" [_thread_blocked, id=16759, stack(0x00007f1cfd38d000,0x00007f1cfd48e000)]
  0x000000004098f800 JavaThread "Low Memory Detector" daemon [_thread_blocked, id=16757, stack(0x00007f1cfd5ab000,0x00007f1cfd6ac000)]
  0x000000004098a800 JavaThread "CompilerThread1" daemon [_thread_blocked, id=16756, stack(0x00007f1cfd6ac000,0x00007f1cfd7ad000)]
  0x0000000040988000 JavaThread "CompilerThread0" daemon [_thread_blocked, id=16755, stack(0x00007f1cfd7ad000,0x00007f1cfd8ae000)]
  0x0000000040986000 JavaThread "Signal Dispatcher" daemon [_thread_blocked, id=16754, stack(0x00007f1cfd8ae000,0x00007f1cfd9af000)]
  0x0000000040961000 JavaThread "Finalizer" daemon [_thread_blocked, id=16753, stack(0x00007f1cfd9f5000,0x00007f1cfdaf6000)]
  0x000000004095f800 JavaThread "Reference Handler" daemon [_thread_blocked, id=16752, stack(0x00007f1cfdaf6000,0x00007f1cfdbf7000)]

Other Threads:
  0x000000004095b000 VMThread [stack: 0x00007f1cfdbf7000,0x00007f1cfdcf8000] [id=16751]
  0x000000004099a800 WatcherThread [stack: 0x00007f1cfd4aa000,0x00007f1cfd5ab000] [id=16758]

VM state:not at safepoint (normal execution)

VM Mutex/Monitor currently owned by a thread: None

Heap
 def new generation   total 18560K, used 3476K [0x00007f1cfe240000, 0x00007f1cff660000, 0x00007f1d124e0000)
  eden space 16512K,   8% used [0x00007f1cfe240000, 0x00007f1cfe3a7b40, 0x00007f1cff260000)
  from space 2048K,  99% used [0x00007f1cff460000, 0x00007f1cff65d5a8, 0x00007f1cff660000)
  to   space 2048K,   0% used [0x00007f1cff260000, 0x00007f1cff260000, 0x00007f1cff460000)
 tenured generation   total 41344K, used 4034K [0x00007f1d124e0000, 0x00007f1d14d40000, 0x00007f1d3aa40000)
   the space 41344K,   9% used [0x00007f1d124e0000, 0x00007f1d128d0930, 0x00007f1d128d0a00, 0x00007f1d14d40000)
 compacting perm gen  total 21248K, used 7749K [0x00007f1d3aa40000, 0x00007f1d3bf00000, 0x00007f1d3fe40000)
   the space 21248K,  36% used [0x00007f1d3aa40000, 0x00007f1d3b1d1468, 0x00007f1d3b1d1600, 0x00007f1d3bf00000)
No shared spaces configured.

Dynamic libraries:
40000000-40009000 r-xp 00000000 08:01 138153                             /usr/lib/jvm/java-6-sun-1.6.0.22/jre/bin/java
40108000-4010a000 rwxp 00008000 08:01 138153                             /usr/lib/jvm/java-6-sun-1.6.0.22/jre/bin/java
408d6000-40deb000 rwxp 00000000 00:00 0                                  [heap]
7f1cf8000000-7f1cf806d000 rwxp 00000000 00:00 0 
7f1cf806d000-7f1cfc000000 ---p 00000000 00:00 0 
7f1cfce60000-7f1cfce6b000 r-xs 00065000 08:07 3821549                    /media/stuff/Baile/hp_project_2010/BookTripWSCHOR/BookTripWSChor/lib/chore-ws_lib/jersey-core-1.4.jar
7f1cfce6b000-7f1cfce6e000 ---p 00000000 00:00 0 
7f1cfce6e000-7f1cfcf6c000 rwxp 00000000 00:00 0 
7f1cfcf6c000-7f1cfcf6f000 ---p 00000000 00:00 0 
7f1cfcf6f000-7f1cfd06d000 rwxp 00000000 00:00 0 
7f1cfd06d000-7f1cfd074000 r-xp 00000000 08:01 304471                     /usr/lib/jvm/java-6-sun-1.6.0.22/jre/lib/amd64/libnio.so
7f1cfd074000-7f1cfd173000 ---p 00007000 08:01 304471                     /usr/lib/jvm/java-6-sun-1.6.0.22/jre/lib/amd64/libnio.so
7f1cfd173000-7f1cfd175000 rwxp 00006000 08:01 304471                     /usr/lib/jvm/java-6-sun-1.6.0.22/jre/lib/amd64/libnio.so
7f1cfd175000-7f1cfd188000 r-xp 00000000 08:01 304484                     /usr/lib/jvm/java-6-sun-1.6.0.22/jre/lib/amd64/libnet.so
7f1cfd188000-7f1cfd289000 ---p 00013000 08:01 304484                     /usr/lib/jvm/java-6-sun-1.6.0.22/jre/lib/amd64/libnet.so
7f1cfd289000-7f1cfd28c000 rwxp 00014000 08:01 304484                     /usr/lib/jvm/java-6-sun-1.6.0.22/jre/lib/amd64/libnet.so
7f1cfd28c000-7f1cfd28f000 ---p 00000000 00:00 0 
7f1cfd28f000-7f1cfd38d000 rwxp 00000000 00:00 0 
7f1cfd38d000-7f1cfd390000 ---p 00000000 00:00 0 
7f1cfd390000-7f1cfd48e000 rwxp 00000000 00:00 0 
7f1cfd48e000-7f1cfd49f000 r-xs 000e6000 08:07 3819136                    /media/stuff/Baile/hp_project_2010/BookTripWSCHOR/BookTripWSChor/lib/chore-ws_lib/grizzly-servlet-webserver-1.9.18-i.jar (deleted)
7f1cfd49f000-7f1cfd4aa000 r-xs 00065000 08:07 3819144                    /media/stuff/Baile/hp_project_2010/BookTripWSCHOR/BookTripWSChor/lib/chore-ws_lib/jersey-core-1.4.jar (deleted)
7f1cfd4aa000-7f1cfd4ab000 ---p 00000000 00:00 0 
7f1cfd4ab000-7f1cfd5ab000 rwxp 00000000 00:00 0 
7f1cfd5ab000-7f1cfd5ae000 ---p 00000000 00:00 0 
7f1cfd5ae000-7f1cfd6ac000 rwxp 00000000 00:00 0 
7f1cfd6ac000-7f1cfd6af000 ---p 00000000 00:00 0 
7f1cfd6af000-7f1cfd7ad000 rwxp 00000000 00:00 0 
7f1cfd7ad000-7f1cfd7b0000 ---p 00000000 00:00 0 
7f1cfd7b0000-7f1cfd8ae000 rwxp 00000000 00:00 0 
7f1cfd8ae000-7f1cfd8b1000 ---p 00000000 00:00 0 
7f1cfd8b1000-7f1cfd9af000 rwxp 00000000 00:00 0 
7f1cfd9af000-7f1cfd9b6000 r-xs 00000000 08:01 1937                       /usr/lib/gconv/gconv-modules.cache
7f1cfd9b6000-7f1cfd9f5000 r-xp 00000000 08:01 8156                       /usr/lib/locale/en_US.utf8/LC_CTYPE
7f1cfd9f5000-7f1cfd9f8000 ---p 00000000 00:00 0 
7f1cfd9f8000-7f1cfdaf6000 rwxp 00000000 00:00 0 
7f1cfdaf6000-7f1cfdaf9000 ---p 00000000 00:00 0 
7f1cfdaf9000-7f1cfdbf7000 rwxp 00000000 00:00 0 
7f1cfdbf7000-7f1cfdbf8000 ---p 00000000 00:00 0 
7f1cfdbf8000-7f1cfdd2b000 rwxp 00000000 00:00 0 
7f1cfdd2b000-7f1cfdec3000 r-xs 03013000 08:01 138280                     /usr/lib/jvm/java-6-sun-1.6.0.22/jre/lib/rt.jar
7f1cfdec3000-7f1cfdece000 rwxp 00000000 00:00 0 
7f1cfdece000-7f1cfdeee000 rwxp 00000000 00:00 0 
7f1cfdeee000-7f1cfdf03000 rwxp 00000000 00:00 0 
7f1cfdf03000-7f1cfe031000 rwxp 00000000 00:00 0 
7f1cfe031000-7f1cfe03c000 rwxp 00000000 00:00 0 
7f1cfe03c000-7f1cfe0d2000 rwxp 00000000 00:00 0 
7f1cfe0d2000-7f1cfe0e7000 rwxp 00000000 00:00 0 
7f1cfe0e7000-7f1cfe215000 rwxp 00000000 00:00 0 
7f1cfe215000-7f1cfe220000 rwxp 00000000 00:00 0 
7f1cfe220000-7f1cfe23f000 rwxp 00000000 00:00 0 
7f1cfe23f000-7f1cff660000 rwxp 00000000 00:00 0 
7f1cff660000-7f1d124e0000 rwxp 00000000 00:00 0 
7f1d124e0000-7f1d14d40000 rwxp 00000000 00:00 0 
7f1d14d40000-7f1d3aa40000 rwxp 00000000 00:00 0 
7f1d3aa40000-7f1d3bf00000 rwxp 00000000 00:00 0 
7f1d3bf00000-7f1d3fe40000 rwxp 00000000 00:00 0 
7f1d3fe41000-7f1d400b1000 rwxp 00000000 00:00 0 
7f1d400b1000-7f1d42e41000 rwxp 00000000 00:00 0 
7f1d42e41000-7f1d42e4f000 r-xp 00000000 08:01 304506                     /usr/lib/jvm/java-6-sun-1.6.0.22/jre/lib/amd64/libzip.so
7f1d42e4f000-7f1d42f51000 ---p 0000e000 08:01 304506                     /usr/lib/jvm/java-6-sun-1.6.0.22/jre/lib/amd64/libzip.so
7f1d42f51000-7f1d42f54000 rwxp 00010000 08:01 304506                     /usr/lib/jvm/java-6-sun-1.6.0.22/jre/lib/amd64/libzip.so
7f1d42f54000-7f1d42f55000 rwxp 00000000 00:00 0 
7f1d42f55000-7f1d42f61000 r-xp 00000000 08:01 149456                     /lib/libnss_files-2.11.1.so
7f1d42f61000-7f1d43160000 ---p 0000c000 08:01 149456                     /lib/libnss_files-2.11.1.so
7f1d43160000-7f1d43161000 r-xp 0000b000 08:01 149456                     /lib/libnss_files-2.11.1.so
7f1d43161000-7f1d43162000 rwxp 0000c000 08:01 149456                     /lib/libnss_files-2.11.1.so
7f1d43162000-7f1d4316c000 r-xp 00000000 08:01 149446                     /lib/libnss_nis-2.11.1.so
7f1d4316c000-7f1d4336b000 ---p 0000a000 08:01 149446                     /lib/libnss_nis-2.11.1.so
7f1d4336b000-7f1d4336c000 r-xp 00009000 08:01 149446                     /lib/libnss_nis-2.11.1.so
7f1d4336c000-7f1d4336d000 rwxp 0000a000 08:01 149446                     /lib/libnss_nis-2.11.1.so
7f1d4336d000-7f1d43375000 r-xp 00000000 08:01 149445                     /lib/libnss_compat-2.11.1.so
7f1d43375000-7f1d43574000 ---p 00008000 08:01 149445                     /lib/libnss_compat-2.11.1.so
7f1d43574000-7f1d43575000 r-xp 00007000 08:01 149445                     /lib/libnss_compat-2.11.1.so
7f1d43575000-7f1d43576000 rwxp 00008000 08:01 149445                     /lib/libnss_compat-2.11.1.so
7f1d43576000-7f1d4357d000 r-xp 00000000 08:01 304518                     /usr/lib/jvm/java-6-sun-1.6.0.22/jre/lib/amd64/native_threads/libhpi.so
7f1d4357d000-7f1d4367e000 ---p 00007000 08:01 304518                     /usr/lib/jvm/java-6-sun-1.6.0.22/jre/lib/amd64/native_threads/libhpi.so
7f1d4367e000-7f1d43680000 rwxp 00008000 08:01 304518                     /usr/lib/jvm/java-6-sun-1.6.0.22/jre/lib/amd64/native_threads/libhpi.so
7f1d43680000-7f1d43681000 rwxp 00000000 00:00 0 
7f1d43681000-7f1d43698000 r-xp 00000000 08:01 149437                     /lib/libnsl-2.11.1.so
7f1d43698000-7f1d43897000 ---p 00017000 08:01 149437                     /lib/libnsl-2.11.1.so
7f1d43897000-7f1d43898000 r-xp 00016000 08:01 149437                     /lib/libnsl-2.11.1.so
7f1d43898000-7f1d43899000 rwxp 00017000 08:01 149437                     /lib/libnsl-2.11.1.so
7f1d43899000-7f1d4389b000 rwxp 00000000 00:00 0 
7f1d4389b000-7f1d438c3000 r-xp 00000000 08:01 304505                     /usr/lib/jvm/java-6-sun-1.6.0.22/jre/lib/amd64/libjava.so
7f1d438c3000-7f1d439c3000 ---p 00028000 08:01 304505                     /usr/lib/jvm/java-6-sun-1.6.0.22/jre/lib/amd64/libjava.so
7f1d439c3000-7f1d439ca000 rwxp 00028000 08:01 304505                     /usr/lib/jvm/java-6-sun-1.6.0.22/jre/lib/amd64/libjava.so
7f1d439ca000-7f1d439d7000 r-xp 00000000 08:01 304483                     /usr/lib/jvm/java-6-sun-1.6.0.22/jre/lib/amd64/libverify.so
7f1d439d7000-7f1d43ad6000 ---p 0000d000 08:01 304483                     /usr/lib/jvm/java-6-sun-1.6.0.22/jre/lib/amd64/libverify.so
7f1d43ad6000-7f1d43ad9000 rwxp 0000c000 08:01 304483                     /usr/lib/jvm/java-6-sun-1.6.0.22/jre/lib/amd64/libverify.so
7f1d43ad9000-7f1d43ae0000 r-xp 00000000 08:01 149441                     /lib/librt-2.11.1.so
7f1d43ae0000-7f1d43cdf000 ---p 00007000 08:01 149441                     /lib/librt-2.11.1.so
7f1d43cdf000-7f1d43ce0000 r-xp 00006000 08:01 149441                     /lib/librt-2.11.1.so
7f1d43ce0000-7f1d43ce1000 rwxp 00007000 08:01 149441                     /lib/librt-2.11.1.so
7f1d43ce1000-7f1d43ce4000 ---p 00000000 00:00 0 
7f1d43ce4000-7f1d43de2000 rwxp 00000000 00:00 0 
7f1d43de2000-7f1d43e64000 r-xp 00000000 08:01 149436                     /lib/libm-2.11.1.so
7f1d43e64000-7f1d44063000 ---p 00082000 08:01 149436                     /lib/libm-2.11.1.so
7f1d44063000-7f1d44064000 r-xp 00081000 08:01 149436                     /lib/libm-2.11.1.so
7f1d44064000-7f1d44065000 rwxp 00082000 08:01 149436                     /lib/libm-2.11.1.so
7f1d44065000-7f1d4483f000 r-xp 00000000 08:01 304509                     /usr/lib/jvm/java-6-sun-1.6.0.22/jre/lib/amd64/server/libjvm.so
7f1d4483f000-7f1d44941000 ---p 007da000 08:01 304509                     /usr/lib/jvm/java-6-sun-1.6.0.22/jre/lib/amd64/server/libjvm.so
7f1d44941000-7f1d44ad2000 rwxp 007dc000 08:01 304509                     /usr/lib/jvm/java-6-sun-1.6.0.22/jre/lib/amd64/server/libjvm.so
7f1d44ad2000-7f1d44b0d000 rwxp 00000000 00:00 0 
7f1d44b0d000-7f1d44c87000 r-xp 00000000 08:01 149453                     /lib/libc-2.11.1.so
7f1d44c87000-7f1d44e86000 ---p 0017a000 08:01 149453                     /lib/libc-2.11.1.so
7f1d44e86000-7f1d44e8a000 r-xp 00179000 08:01 149453                     /lib/libc-2.11.1.so
7f1d44e8a000-7f1d44e8b000 rwxp 0017d000 08:01 149453                     /lib/libc-2.11.1.so
7f1d44e8b000-7f1d44e90000 rwxp 00000000 00:00 0 
7f1d44e90000-7f1d44e92000 r-xp 00000000 08:01 149457                     /lib/libdl-2.11.1.so
7f1d44e92000-7f1d45092000 ---p 00002000 08:01 149457                     /lib/libdl-2.11.1.so
7f1d45092000-7f1d45093000 r-xp 00002000 08:01 149457                     /lib/libdl-2.11.1.so
7f1d45093000-7f1d45094000 rwxp 00003000 08:01 149457                     /lib/libdl-2.11.1.so
7f1d45094000-7f1d450ac000 r-xp 00000000 08:01 149451                     /lib/libpthread-2.11.1.so
7f1d450ac000-7f1d452ab000 ---p 00018000 08:01 149451                     /lib/libpthread-2.11.1.so
7f1d452ab000-7f1d452ac000 r-xp 00017000 08:01 149451                     /lib/libpthread-2.11.1.so
7f1d452ac000-7f1d452ad000 rwxp 00018000 08:01 149451                     /lib/libpthread-2.11.1.so
7f1d452ad000-7f1d452b1000 rwxp 00000000 00:00 0 
7f1d452b1000-7f1d452d1000 r-xp 00000000 08:01 149438                     /lib/ld-2.11.1.so
7f1d452d8000-7f1d452db000 r-xs 000cb000 08:01 138061                     /usr/lib/jvm/java-6-sun-1.6.0.22/jre/lib/ext/localedata.jar
7f1d452db000-7f1d452e0000 r-xs 00309000 08:07 3819139                    /media/stuff/Baile/hp_project_2010/BookTripWSCHOR/BookTripWSChor/lib/chore-ws_lib/sqlite-jdbc-3.7.2.jar (deleted)
7f1d452e0000-7f1d452e1000 r-xs 0000a000 08:07 3819133                    /media/stuff/Baile/hp_project_2010/BookTripWSCHOR/BookTripWSChor/lib/chore-ws_lib/asm-3.1.jar (deleted)
7f1d452e1000-7f1d452eb000 rwxp 00000000 00:00 0 
7f1d452eb000-7f1d453a1000 rwxp 00000000 00:00 0 
7f1d453a1000-7f1d453a4000 rwxp 00000000 00:00 0 
7f1d453a4000-7f1d453ab000 r-xp 00000000 08:01 304480                     /usr/lib/jvm/java-6-sun-1.6.0.22/jre/lib/amd64/jli/libjli.so
7f1d453ab000-7f1d454ac000 ---p 00007000 08:01 304480                     /usr/lib/jvm/java-6-sun-1.6.0.22/jre/lib/amd64/jli/libjli.so
7f1d454ac000-7f1d454ae000 rwxp 00008000 08:01 304480                     /usr/lib/jvm/java-6-sun-1.6.0.22/jre/lib/amd64/jli/libjli.so
7f1d454ae000-7f1d454af000 rwxp 00000000 00:00 0 
7f1d454af000-7f1d454c0000 r-xs 00095000 08:07 3819140                    /media/stuff/Baile/hp_project_2010/BookTripWSCHOR/BookTripWSChor/lib/chore-ws_lib/jersey-server-1.4.jar (deleted)
7f1d454c0000-7f1d454c2000 r-xs 0000a000 08:07 3819145                    /media/stuff/Baile/hp_project_2010/BookTripWSCHOR/BookTripWSChor/lib/chore-ws_lib/jsr311-api-1.1.jar (deleted)
7f1d454c2000-7f1d454c3000 r-xs 00004000 08:07 3816018                    /media/stuff/Baile/hp_project_2010/BookTripWSCHOR/BookTripWSChor/lib/chore-ws.jar
7f1d454c4000-7f1d454cc000 rwxs 00000000 08:06 61                         /tmp/hsperfdata_besson/16749
7f1d454cc000-7f1d454cd000 rwxp 00000000 00:00 0 
7f1d454cd000-7f1d454ce000 r-xp 00000000 00:00 0 
7f1d454ce000-7f1d454d0000 rwxp 00000000 00:00 0 
7f1d454d0000-7f1d454d1000 r-xp 0001f000 08:01 149438                     /lib/ld-2.11.1.so
7f1d454d1000-7f1d454d2000 rwxp 00020000 08:01 149438                     /lib/ld-2.11.1.so
7f1d454d2000-7f1d454d3000 rwxp 00000000 00:00 0 
7fffebbc7000-7fffebbdc000 rwxp 00000000 00:00 0                          [stack]
7fffebbff000-7fffebc00000 r-xp 00000000 00:00 0                          [vdso]
ffffffffff600000-ffffffffff601000 r-xp 00000000 00:00 0                  [vsyscall]

VM Arguments:
java_command: lib/chore-ws.jar ChoreOS acquirer
Launcher Type: SUN_STANDARD

Environment Variables:
JAVA_HOME=/usr/lib/jvm/java-6-sun-1.6.0.22
PATH=/usr/local/sbin:/usr/local/bin:/usr/sbin:/usr/bin:/sbin:/bin:/usr/games:/usr/local/lib:/usr/local/include:/home/besson/mestrado/Baile/project2010/lib/j2sdkee1.3.1/bin:/home/besson/limbo/Grails/grails-1.3.5//bin
USERNAME=besson
LD_LIBRARY_PATH=/usr/lib/jvm/java-6-sun-1.6.0.22/jre/lib/amd64/server:/usr/lib/jvm/java-6-sun-1.6.0.22/jre/lib/amd64:/usr/lib/jvm/java-6-sun-1.6.0.22/jre/../lib/amd64
SHELL=/bin/bash
DISPLAY=:0.0

Signal Handlers:
SIGSEGV: [libjvm.so+0x731250], sa_mask[0]=0x7ffbfeff, sa_flags=0x10000004
SIGBUS: [libjvm.so+0x731250], sa_mask[0]=0x7ffbfeff, sa_flags=0x10000004
SIGFPE: [libjvm.so+0x5f5e30], sa_mask[0]=0x7ffbfeff, sa_flags=0x10000004
SIGPIPE: [libjvm.so+0x5f5e30], sa_mask[0]=0x7ffbfeff, sa_flags=0x10000004
SIGXFSZ: [libjvm.so+0x5f5e30], sa_mask[0]=0x7ffbfeff, sa_flags=0x10000004
SIGILL: [libjvm.so+0x5f5e30], sa_mask[0]=0x7ffbfeff, sa_flags=0x10000004
SIGUSR1: SIG_DFL, sa_mask[0]=0x00000000, sa_flags=0x00000000
SIGUSR2: [libjvm.so+0x5f8650], sa_mask[0]=0x00000000, sa_flags=0x10000004
SIGHUP: [libjvm.so+0x5f83a0], sa_mask[0]=0x7ffbfeff, sa_flags=0x10000004
SIGINT: [libjvm.so+0x5f83a0], sa_mask[0]=0x7ffbfeff, sa_flags=0x10000004
SIGTERM: [libjvm.so+0x5f83a0], sa_mask[0]=0x7ffbfeff, sa_flags=0x10000004
SIGQUIT: [libjvm.so+0x5f83a0], sa_mask[0]=0x7ffbfeff, sa_flags=0x10000004


---------------  S Y S T E M  ---------------

OS:squeeze/sid

uname:Linux 2.6.32-26-generic #48-Ubuntu SMP Wed Nov 24 10:14:11 UTC 2010 x86_64
libc:glibc 2.11.1 NPTL 2.11.1 
rlimit: STACK 8192k, CORE 0k, NPROC infinity, NOFILE 1024, AS infinity
load average:2.01 1.53 1.43

CPU:total 1 (1 cores per cpu, 1 threads per core) family 6 model 23 stepping 10, cmov, cx8, fxsr, mmx, sse, sse2, sse3, ssse3, sse4.1

Memory: 4k page, physical 3961332k(57864k free), swap 3903752k(3813240k free)

vm_info: Java HotSpot(TM) 64-Bit Server VM (17.1-b03) for linux-amd64 JRE (1.6.0_22-b04), built on Sep 15 2010 01:07:59 by "java_re" with gcc 3.2.2 (SuSE Linux)

time: Mon Dec  6 17:35:47 2010
elapsed time: 575 seconds

